<?xml version="1.0" encoding="UTF-8"?>
<testsuite xmlns:xsi="http://www.w3.org/2001/XMLSchema-instance" xsi:noNamespaceSchemaLocation="https://maven.apache.org/surefire/maven-surefire-plugin/xsd/surefire-test-report-3.0.xsd" version="3.0" name="br.com.erudio.StartupTests" time="10.419" tests="1" errors="0" skipped="0" failures="0">
  <properties>
[...]
</properties>
  <testcase name="contextLoads" classname="br.com.erudio.StartupTests" time="0.025">
    <system-out><![CDATA[16:43:48.604 [main] INFO org.springframework.test.context.support.AnnotationConfigContextLoaderUtils -- Could not detect default configuration classes for test class [br.com.erudio.StartupTests]: StartupTests does not declare any static, non-private, non-final, nested classes annotated with @Configuration.
16:43:48.781 [main] INFO org.springframework.boot.test.context.SpringBootTestContextBootstrapper -- Found @SpringBootConfiguration br.com.erudio.Startup for test class br.com.erudio.StartupTests
16:43:49.108 [main] INFO org.springframework.boot.devtools.restart.RestartApplicationListener -- Restart disabled due to context in which it is running

  .   ____          _            __ _ _
 /\\ / ___'_ __ _ _(_)_ __  __ _ \ \ \ \
( ( )\___ | '_ | '_| | '_ \/ _` | \ \ \ \
 \\/  ___)| |_)| | | | | || (_| |  ) ) ) )
  '  |____| .__|_| |_|_| |_\__, | / / / /
 =========|_|==============|___/=/_/_/_/
 :: Spring Boot ::                (v3.2.0)

2024-02-02T16:43:49.806-03:00  INFO 19608 --- [           main] br.com.erudio.StartupTests               : Starting StartupTests using Java 21 with PID 19608 (started by Dell in C:\Users\Dell\Desktop\Cursos\REST_API_udemy\rest-with-spring-boot-and-Kotlin-erudio.git\methods_get_post_put_delete)
2024-02-02T16:43:49.809-03:00  INFO 19608 --- [           main] br.com.erudio.StartupTests               : No active profile set, falling back to 1 default profile: "default"
2024-02-02T16:43:52.097-03:00  INFO 19608 --- [           main] .s.d.r.c.RepositoryConfigurationDelegate : Bootstrapping Spring Data JPA repositories in DEFAULT mode.
2024-02-02T16:43:52.205-03:00  INFO 19608 --- [           main] .s.d.r.c.RepositoryConfigurationDelegate : Finished Spring Data repository scanning in 93 ms. Found 1 JPA repository interface.
2024-02-02T16:43:53.507-03:00  INFO 19608 --- [           main] com.zaxxer.hikari.HikariDataSource       : HikariPool-1 - Starting...
2024-02-02T16:43:54.283-03:00  INFO 19608 --- [           main] com.zaxxer.hikari.pool.HikariPool        : HikariPool-1 - Added connection com.mysql.cj.jdbc.ConnectionImpl@1f0f92f5
2024-02-02T16:43:54.286-03:00  INFO 19608 --- [           main] com.zaxxer.hikari.HikariDataSource       : HikariPool-1 - Start completed.
2024-02-02T16:43:54.373-03:00  INFO 19608 --- [           main] org.flywaydb.core.FlywayExecutor         : Database: jdbc:mysql://localhost:3306/client_database_test (MySQL 8.2)
2024-02-02T16:43:54.406-03:00  WARN 19608 --- [           main] o.f.c.internal.database.base.Database    : Flyway upgrade recommended: MySQL 8.2 is newer than this version of Flyway and support has not been tested. The latest supported version of MySQL is 8.1.
2024-02-02T16:43:54.499-03:00  INFO 19608 --- [           main] o.f.core.internal.command.DbValidate     : Successfully validated 2 migrations (execution time 00:00.065s)
2024-02-02T16:43:54.532-03:00  INFO 19608 --- [           main] o.f.core.internal.command.DbMigrate      : Current version of schema `client_database_test`: 2
2024-02-02T16:43:54.540-03:00  INFO 19608 --- [           main] o.f.core.internal.command.DbMigrate      : Schema `client_database_test` is up to date. No migration necessary.
2024-02-02T16:43:54.819-03:00  INFO 19608 --- [           main] o.hibernate.jpa.internal.util.LogHelper  : HHH000204: Processing PersistenceUnitInfo [name: default]
2024-02-02T16:43:54.987-03:00  INFO 19608 --- [           main] org.hibernate.Version                    : HHH000412: Hibernate ORM core version 6.3.1.Final
2024-02-02T16:43:55.061-03:00  INFO 19608 --- [           main] o.h.c.internal.RegionFactoryInitiator    : HHH000026: Second-level cache disabled
2024-02-02T16:43:55.281-03:00  INFO 19608 --- [           main] o.s.o.j.p.SpringPersistenceUnitInfo      : No LoadTimeWeaver setup: ignoring JPA class transformer
2024-02-02T16:43:56.636-03:00  INFO 19608 --- [           main] o.h.e.t.j.p.i.JtaPlatformInitiator       : HHH000489: No JTA platform available (set 'hibernate.transaction.jta.platform' to enable JTA platform integration)
2024-02-02T16:43:56.641-03:00  INFO 19608 --- [           main] j.LocalContainerEntityManagerFactoryBean : Initialized JPA EntityManagerFactory for persistence unit 'default'
2024-02-02T16:43:57.681-03:00  WARN 19608 --- [           main] JpaBaseConfiguration$JpaWebConfiguration : spring.jpa.open-in-view is enabled by default. Therefore, database queries may be performed during view rendering. Explicitly configure spring.jpa.open-in-view to disable this warning
2024-02-02T16:43:58.766-03:00  INFO 19608 --- [           main] br.com.erudio.StartupTests               : Started StartupTests in 9.682 seconds (process running for 15.695)
]]></system-out>
  </testcase>
</testsuite>