<?xml version="1.0" encoding="UTF-8"?>
<testsuite xmlns:xsi="http://www.w3.org/2001/XMLSchema-instance" xsi:noNamespaceSchemaLocation="https://maven.apache.org/surefire/maven-surefire-plugin/xsd/surefire-test-report-3.0.xsd" version="3.0" name="br.com.erudio.mockito.services.ClientServicesTest" time="3.539" tests="7" errors="0" skipped="0" failures="0">
  <properties>
[...]
</properties>
  <testcase name="create" classname="br.com.erudio.mockito.services.ClientServicesTest" time="3.366">
    <system-out><![CDATA[16:43:47.729 [main] INFO com.github.dozermapper.core.util.RuntimeUtils -- OSGi support is false
16:43:47.740 [main] INFO com.github.dozermapper.core.DozerBeanMapperBuilder -- Initializing Dozer. Version: 6.4.1, Thread Name: main
16:43:47.746 [main] INFO com.github.dozermapper.core.config.resolvers.LegacyPropertiesSettingsResolver -- Trying to find Dozer configuration file: dozer.properties
16:43:47.748 [main] INFO com.github.dozermapper.core.config.resolvers.LegacyPropertiesSettingsResolver -- Failed to find dozer.properties via com.github.dozermapper.core.config.resolvers.LegacyPropertiesSettingsResolver.
16:43:47.756 [main] WARN com.github.dozermapper.core.el.ELExpressionFactory -- javax.el is not supported; Failed to resolve ExpressionFactory, com.sun.el.ExpressionFactoryImpl
]]></system-out>
    <system-err><![CDATA[WARNING: A Java agent has been loaded dynamically (C:\Users\Dell\.m2\repository\net\bytebuddy\byte-buddy-agent\1.14.10\byte-buddy-agent-1.14.10.jar)
WARNING: If a serviceability tool is in use, please run with -XX:+EnableDynamicAgentLoading to hide this warning
WARNING: If a serviceability tool is not in use, please run with -Djdk.instrument.traceUsage for more information
WARNING: Dynamic loading of agents will be disallowed by default in a future release
fev. 02, 2024 4:43:47 PM br.com.erudio.services.ClientServices create
INFORMAÇÕES: creating a client named First Name Test1...
]]></system-err>
  </testcase>
  <testcase name="delete" classname="br.com.erudio.mockito.services.ClientServicesTest" time="0.017">
    <system-err><![CDATA[fev. 02, 2024 4:43:48 PM br.com.erudio.services.ClientServices delete
INFORMAÇÕES: deleting a client by ID 1 for you...
]]></system-err>
  </testcase>
  <testcase name="findAll" classname="br.com.erudio.mockito.services.ClientServicesTest" time="0.021">
    <system-err><![CDATA[fev. 02, 2024 4:43:48 PM br.com.erudio.services.ClientServices findAll
INFORMAÇÕES: finding all the clients for you...
]]></system-err>
  </testcase>
  <testcase name="update" classname="br.com.erudio.mockito.services.ClientServicesTest" time="0.017">
    <system-err><![CDATA[fev. 02, 2024 4:43:48 PM br.com.erudio.services.ClientServices update
INFORMAÇÕES: updating the information of a client: id 1 name First Name Test1...
]]></system-err>
  </testcase>
  <testcase name="findById" classname="br.com.erudio.mockito.services.ClientServicesTest" time="0.019">
    <system-err><![CDATA[fev. 02, 2024 4:43:48 PM br.com.erudio.services.ClientServices findById
INFORMAÇÕES: finding a client with de id 1 for you...
]]></system-err>
  </testcase>
  <testcase name="updateWithNullClient" classname="br.com.erudio.mockito.services.ClientServicesTest" time="0.014"/>
  <testcase name="createWithNullClient" classname="br.com.erudio.mockito.services.ClientServicesTest" time="0.005"/>
</testsuite>